<?xml version="1.0" encoding="UTF-8"?>
<testng-results skipped="0" failed="0" ignored="0" total="2" passed="2">
  <reporter-output>
  </reporter-output>
  <suite name="Suite" duration-ms="18413" started-at="2019-12-07T10:42:44Z" finished-at="2019-12-07T10:43:02Z">
    <groups>
      <group name="cucumber">
        <method signature="AbstractTestNGCucumberTests.runScenario(cucumber.api.testng.PickleEventWrapper, cucumber.api.testng.CucumberFeatureWrapper)[pri:0, instance:com.leafBot.testcases.TC001_CreateLead@13a5fe33]" name="runScenario" class="cucumber.api.testng.AbstractTestNGCucumberTests"/>
      </group> <!-- cucumber -->
    </groups>
    <test name="Test" duration-ms="18413" started-at="2019-12-07T10:42:44Z" finished-at="2019-12-07T10:43:02Z">
      <class name="com.leafBot.testcases.TC001_CreateLead">
        <test-method status="PASS" signature="startReport()[pri:0, instance:com.leafBot.testcases.TC001_CreateLead@13a5fe33]" name="startReport" is-config="true" duration-ms="641" started-at="2019-12-07T10:42:43Z" finished-at="2019-12-07T10:42:44Z">
          <reporter-output>
          </reporter-output>
        </test-method> <!-- startReport -->
        <test-method status="PASS" signature="setData()[pri:0, instance:com.leafBot.testcases.TC001_CreateLead@13a5fe33]" name="setData" is-config="true" duration-ms="1" started-at="2019-12-07T10:42:44Z" finished-at="2019-12-07T10:42:44Z">
          <reporter-output>
          </reporter-output>
        </test-method> <!-- setData -->
        <test-method status="PASS" signature="setUpClass()[pri:0, instance:com.leafBot.testcases.TC001_CreateLead@13a5fe33]" name="setUpClass" is-config="true" duration-ms="130" started-at="2019-12-07T10:42:44Z" finished-at="2019-12-07T10:42:44Z">
          <reporter-output>
          </reporter-output>
        </test-method> <!-- setUpClass -->
        <test-method status="PASS" signature="report()[pri:0, instance:com.leafBot.testcases.TC001_CreateLead@13a5fe33]" name="report" is-config="true" duration-ms="8" started-at="2019-12-07T10:42:44Z" finished-at="2019-12-07T10:42:44Z">
          <reporter-output>
          </reporter-output>
        </test-method> <!-- report -->
        <test-method status="PASS" signature="beforeMethod()[pri:0, instance:com.leafBot.testcases.TC001_CreateLead@13a5fe33]" name="beforeMethod" is-config="true" duration-ms="7639" started-at="2019-12-07T10:42:45Z" finished-at="2019-12-07T10:42:52Z">
          <reporter-output>
          </reporter-output>
        </test-method> <!-- beforeMethod -->
        <test-method status="PASS" signature="runTC001(java.lang.String, java.lang.String)[pri:0, instance:com.leafBot.testcases.TC001_CreateLead@13a5fe33]" name="runTC001" duration-ms="2595" started-at="2019-12-07T10:42:52Z" data-provider="fetchData" finished-at="2019-12-07T10:42:55Z">
          <params>
            <param index="0">
              <value>
                <![CDATA[DemoSalesManager]]>
              </value>
            </param>
            <param index="1">
              <value>
                <![CDATA[crmsfa]]>
              </value>
            </param>
          </params>
          <reporter-output>
          </reporter-output>
        </test-method> <!-- runTC001 -->
        <test-method status="PASS" signature="afterMethod()[pri:0, instance:com.leafBot.testcases.TC001_CreateLead@13a5fe33]" name="afterMethod" is-config="true" duration-ms="216" started-at="2019-12-07T10:42:55Z" finished-at="2019-12-07T10:42:55Z">
          <reporter-output>
          </reporter-output>
        </test-method> <!-- afterMethod -->
        <test-method status="PASS" signature="beforeMethod()[pri:0, instance:com.leafBot.testcases.TC001_CreateLead@13a5fe33]" name="beforeMethod" is-config="true" duration-ms="4168" started-at="2019-12-07T10:42:55Z" finished-at="2019-12-07T10:42:59Z">
          <reporter-output>
          </reporter-output>
        </test-method> <!-- beforeMethod -->
        <test-method status="PASS" signature="runTC001(java.lang.String, java.lang.String)[pri:0, instance:com.leafBot.testcases.TC001_CreateLead@13a5fe33]" name="runTC001" duration-ms="2671" started-at="2019-12-07T10:42:59Z" data-provider="fetchData" finished-at="2019-12-07T10:43:02Z">
          <params>
            <param index="0">
              <value>
                <![CDATA[DemoCSR]]>
              </value>
            </param>
            <param index="1">
              <value>
                <![CDATA[crmsfa]]>
              </value>
            </param>
          </params>
          <reporter-output>
          </reporter-output>
        </test-method> <!-- runTC001 -->
        <test-method status="PASS" signature="afterMethod()[pri:0, instance:com.leafBot.testcases.TC001_CreateLead@13a5fe33]" name="afterMethod" is-config="true" duration-ms="146" started-at="2019-12-07T10:43:02Z" finished-at="2019-12-07T10:43:02Z">
          <reporter-output>
          </reporter-output>
        </test-method> <!-- afterMethod -->
        <test-method status="PASS" signature="tearDownClass()[pri:0, instance:com.leafBot.testcases.TC001_CreateLead@13a5fe33]" name="tearDownClass" is-config="true" duration-ms="4" started-at="2019-12-07T10:43:02Z" finished-at="2019-12-07T10:43:02Z">
          <reporter-output>
          </reporter-output>
        </test-method> <!-- tearDownClass -->
        <test-method status="PASS" signature="stopReport()[pri:0, instance:com.leafBot.testcases.TC001_CreateLead@13a5fe33]" name="stopReport" is-config="true" duration-ms="551" started-at="2019-12-07T10:43:02Z" finished-at="2019-12-07T10:43:03Z">
          <reporter-output>
          </reporter-output>
        </test-method> <!-- stopReport -->
      </class> <!-- com.leafBot.testcases.TC001_CreateLead -->
    </test> <!-- Test -->
  </suite> <!-- Suite -->
</testng-results>
